oct. 01, 2023 1:04:46 A. M. alquilafacil.alquila_facil1.model.AlquilaFacil <init>
INFORMACIÓN: Se crea una nueva instancia de AlquilaFacil
oct. 01, 2023 1:04:52 A. M. alquilafacil.alquila_facil1.model.AlquilaFacil <init>
INFORMACIÓN: Se crea una nueva instancia de AlquilaFacil
oct. 01, 2023 1:06:28 A. M. alquilafacil.alquila_facil1.model.AlquilaFacil <init>
INFORMACIÓN: Se crea una nueva instancia de AlquilaFacil
oct. 01, 2023 1:08:38 A. M. alquilafacil.alquila_facil1.model.AlquilaFacil <init>
INFORMACIÓN: Se crea una nueva instancia de AlquilaFacil
oct. 01, 2023 11:55:26 A. M. alquilafacil.alquila_facil1.model.AlquilaFacil <init>
INFORMACIÓN: Se crea una nueva instancia de AlquilaFacil
oct. 01, 2023 12:17:59 P. M. alquilafacil.alquila_facil1.model.AlquilaFacil <init>
INFORMACIÓN: Se crea una nueva instancia de AlquilaFacil
oct. 01, 2023 3:35:26 P. M. alquilafacil.alquila_facil1.model.AlquilaFacil <init>
INFORMACIÓN: Se crea una nueva instancia de AlquilaFacil
oct. 01, 2023 3:36:04 P. M. alquilafacil.alquila_facil1.model.AlquilaFacil registrarCliente
INFORMACIÓN: Se ha registrado un nuevo cliente con la cédula: maria
oct. 01, 2023 3:40:43 P. M. alquilafacil.alquila_facil1.model.AlquilaFacil registrarCliente
INFORMACIÓN: Se ha registrado un nuevo cliente con la cédula: cecikwjhcfk
oct. 01, 2023 3:52:37 P. M. alquilafacil.alquila_facil1.model.AlquilaFacil <init>
INFORMACIÓN: Se crea una nueva instancia de AlquilaFacil
